2026-01-02 15:43:01 | User: 5d0779420fc6cd0b9d7a17a7e9cccd14 | Action: deduct | Coins: 1 | Description: Message sent to seller for note -OhQlF1Ckz4caaGz5NrQ | New Balance: 1058
2026-01-02 15:43:19 | User: 5d0779420fc6cd0b9d7a17a7e9cccd14 | Action: deduct | Coins: 1 | Description: Message sent to seller for note -OhQlF1Ckz4caaGz5NrQ | New Balance: 1057
2026-01-02 15:56:01 | User: 5d0779420fc6cd0b9d7a17a7e9cccd14 | Action: deduct | Coins: 1 | Description: Message sent to seller for note -OhQlF1Ckz4caaGz5NrQ | New Balance: 1056
2026-01-02 15:56:47 | User: 5d0779420fc6cd0b9d7a17a7e9cccd14 | Action: deduct | Coins: 1 | Description: Message sent to seller for note -OhjhrBkn30QsalxhgZN | New Balance: 1055
2026-01-02 15:57:15 | User: 8d9b37f857d224b2d495dde074f18f5b | Action: deduct | Coins: 1 | Description: Message sent to seller for note -OhjhrBkn30QsalxhgZN | New Balance: 9
2026-01-02 15:57:16 | User: 8d9b37f857d224b2d495dde074f18f5b | Action: deduct | Coins: 1 | Description: Message sent to seller for note -OhjhrBkn30QsalxhgZN | New Balance: 8
2026-01-02 15:57:17 | User: 8d9b37f857d224b2d495dde074f18f5b | Action: deduct | Coins: 1 | Description: Message sent to seller for note -OhjhrBkn30QsalxhgZN | New Balance: 7
2026-01-02 15:57:18 | User: 8d9b37f857d224b2d495dde074f18f5b | Action: deduct | Coins: 1 | Description: Message sent to seller for note -OhjhrBkn30QsalxhgZN | New Balance: 6
2026-01-02 15:57:21 | User: 8d9b37f857d224b2d495dde074f18f5b | Action: deduct | Coins: 1 | Description: Message sent to seller for note -OhQlF1Ckz4caaGz5NrQ | New Balance: 5
2026-01-02 15:57:21 | User: 8d9b37f857d224b2d495dde074f18f5b | Action: deduct | Coins: 1 | Description: Message sent to seller for note -OhQlF1Ckz4caaGz5NrQ | New Balance: 4
2026-01-02 15:57:21 | User: 8d9b37f857d224b2d495dde074f18f5b | Action: deduct | Coins: 1 | Description: Message sent to seller for note -OhQlF1Ckz4caaGz5NrQ | New Balance: 3
2026-01-02 15:57:21 | User: 8d9b37f857d224b2d495dde074f18f5b | Action: deduct | Coins: 1 | Description: Message sent to seller for note -OhQlF1Ckz4caaGz5NrQ | New Balance: 2
2026-01-02 15:57:21 | User: 8d9b37f857d224b2d495dde074f18f5b | Action: deduct | Coins: 1 | Description: Message sent to seller for note -OhQlF1Ckz4caaGz5NrQ | New Balance: 1
2026-01-02 16:07:36 | User: 8d9b37f857d224b2d495dde074f18f5b | Action: deduct | Coins: 1 | Description: Message sent to seller for note -OhQlF1Ckz4caaGz5NrQ | New Balance: 0
2026-01-02 16:20:01 | User: 5d0779420fc6cd0b9d7a17a7e9cccd14 | Action: deduct | Coins: 1 | Description: Message sent to seller for note -OhzTEy7TGTGkNE-BLZe | New Balance: 1054
2026-01-06 09:31:19 | User: 5d0779420fc6cd0b9d7a17a7e9cccd14 | Action: deduct | Coins: 1 | Description: Message sent to seller for note -OhQlF1Ckz4caaGz5NrQ | New Balance: 1053
2026-01-06 09:40:14 | User: 5d0779420fc6cd0b9d7a17a7e9cccd14 | Action: deduct | Coins: 1 | Description: Message sent to seller for note -OhQlF1Ckz4caaGz5NrQ | New Balance: 1052
2026-01-06 09:44:15 | User: 5d0779420fc6cd0b9d7a17a7e9cccd14 | Action: deduct | Coins: 1 | Description: Message sent to seller for note -OhQlF1Ckz4caaGz5NrQ | New Balance: 1051
2026-01-06 09:51:36 | User: 5d0779420fc6cd0b9d7a17a7e9cccd14 | Action: deduct | Coins: 1 | Description: Message sent to seller for note -OhQlF1Ckz4caaGz5NrQ | New Balance: 1050
2026-01-06 09:54:05 | User: 5d0779420fc6cd0b9d7a17a7e9cccd14 | Action: deduct | Coins: 1 | Description: Message sent to seller for note -OhQlF1Ckz4caaGz5NrQ | New Balance: 1049
2026-01-06 09:56:16 | User: 5d0779420fc6cd0b9d7a17a7e9cccd14 | Action: deduct | Coins: 1 | Description: Message sent to seller for note -OhjgYTBRgzHOfTi9TSc | New Balance: 1048
2026-01-06 10:06:43 | User: 5d0779420fc6cd0b9d7a17a7e9cccd14 | Action: deduct | Coins: 1 | Description: Message sent to seller for note -OhQlF1Ckz4caaGz5NrQ | New Balance: 1047
2026-01-06 10:06:57 | User: 5d0779420fc6cd0b9d7a17a7e9cccd14 | Action: deduct | Coins: 1 | Description: Message sent to seller for note -OhjgYTBRgzHOfTi9TSc | New Balance: 1046
2026-01-06 10:12:19 | User: 5d0779420fc6cd0b9d7a17a7e9cccd14 | Action: deduct | Coins: 1 | Description: Message sent to seller for note -OhjgYTBRgzHOfTi9TSc | New Balance: 1045
2026-01-06 10:15:48 | User: 5d0779420fc6cd0b9d7a17a7e9cccd14 | Action: deduct | Coins: 1 | Description: Message sent to seller for note -OhjgYTBRgzHOfTi9TSc | New Balance: 1044
2026-01-06 15:46:21 | User: 5d0779420fc6cd0b9d7a17a7e9cccd14 | Action: deduct | Coins: 1 | Description: Message sent to seller for note -OhjhrBkn30QsalxhgZN | New Balance: 1043
2026-01-09 15:46:49 | User: 3096757cef53021d4bbed714487525d3 | Action: deduct | Coins: 1 | Description: Message sent to seller for note -OhQlF1Ckz4caaGz5NrQ | New Balance: 99
2026-01-09 15:52:58 | User: 3096757cef53021d4bbed714487525d3 | Action: deduct | Coins: 1 | Description: Message sent to seller for note -OiYRTHKJryayTBdVeba | New Balance: 98
2026-01-09 15:53:00 | User: 3096757cef53021d4bbed714487525d3 | Action: deduct | Coins: 1 | Description: Message sent to seller for note -OiYRTHKJryayTBdVeba | New Balance: 97
2026-01-10 11:15:36 | User: 3096757cef53021d4bbed714487525d3 | Action: deduct | Coins: 1 | Description: Message sent to seller for note -OhQlF1Ckz4caaGz5NrQ | New Balance: 96
2026-01-15 15:06:35 | User: 5d0779420fc6cd0b9d7a17a7e9cccd14 | Action: deduct | Coins: 1 | Description: Message sent to seller for note -OiVg_FSCvC7pbCN0kuI | New Balance: 1042
2026-02-25 04:13:52 | User: 8d9b37f857d224b2d495dde074f18f5b | Action: deduct | Coins: 1 | Description: Message sent to seller for note -OhQlF1Ckz4caaGz5NrQ | New Balance: 999
